{"level":"error","message":"Invalid User","timestamp":"2021-12-04T18:29:19.182Z"}
{"level":"error","message":"Invalid Credential","timestamp":"2021-12-04T18:29:19.186Z"}
{"level":"error","message":"Wrong Input Validations","timestamp":"2021-12-09T07:40:48.130Z"}
{"level":"error","message":"Wrong Input Validations","timestamp":"2021-12-09T07:41:22.596Z"}
{"level":"error","message":"Wrong Input Validations","timestamp":"2021-12-09T13:09:07.468Z"}
{"level":"error","message":"Wrong Input Validations","timestamp":"2021-12-09T13:09:07.489Z"}
{"level":"error","message":"Wrong Input Validations","timestamp":"2021-12-09T13:09:07.510Z"}
{"level":"error","message":"Invalid User","timestamp":"2021-12-09T13:09:08.020Z"}
{"level":"error","message":"Invalid Credential","timestamp":"2021-12-09T13:09:08.026Z"}
{"level":"error","message":"Internal server error","timestamp":"2021-12-11T06:51:46.145Z"}
{"level":"error","message":"Internal server error","timestamp":"2021-12-11T06:52:08.261Z"}
{"level":"error","message":"Internal server error","timestamp":"2021-12-11T06:53:08.890Z"}
{"level":"error","message":"Internal server error","timestamp":"2021-12-11T06:58:05.108Z"}
{"level":"error","message":"Otp doesnt match","timestamp":"2021-12-12T13:30:14.051Z"}
{"level":"error","message":"Otp doesnt match","timestamp":"2021-12-12T13:30:14.052Z"}
{"level":"error","message":null,"timestamp":"2021-12-12T13:33:52.373Z"}
{"_original":{"email":"utkarshkr945@gmail.com"},"details":[{"context":{"key":"password","label":"password"},"message":"\"password\" is required","path":["password"],"type":"any.required"}],"level":"error","timestamp":"2021-12-12T13:42:41.932Z"}
{"level":"error","timestamp":"2021-12-12T13:42:41.948Z"}
{"level":"error","message":null,"timestamp":"2021-12-12T13:44:21.682Z"}
{"level":"error","message":null,"timestamp":"2021-12-12T13:45:36.313Z"}
{"level":"error","message":null,"timestamp":"2021-12-12T13:46:35.658Z"}
{"level":"error","message":null,"timestamp":"2021-12-12T13:48:52.542Z"}
{"level":"error","message":null,"timestamp":"2021-12-12T13:48:56.448Z"}
{"level":"error","message":null,"timestamp":"2021-12-12T13:48:56.657Z"}
{"level":"error","message":null,"timestamp":"2021-12-12T14:26:48.192Z"}
{"level":"error","message":"Otp doesnt match","timestamp":"2021-12-12T15:53:17.448Z"}
{"level":"error","message":"Otp doesnt match","timestamp":"2021-12-12T15:53:17.449Z"}
{"level":"error","message":null,"timestamp":"2021-12-12T15:54:05.571Z"}
{"level":"error","message":"Invalid password","timestamp":"2021-12-12T15:58:10.977Z"}
{"level":"error","message":"Invalid password","timestamp":"2021-12-12T15:58:30.379Z"}
{"level":"error","message":"Invalid password","timestamp":"2021-12-12T15:58:38.810Z"}
{"level":"error","message":"Invalid password","timestamp":"2021-12-12T15:59:54.463Z"}
{"level":"error","message":"Invalid password","timestamp":"2021-12-12T16:00:55.923Z"}
