{"level":"info","message":"User registered","timestamp":"2021-12-04T18:24:30.288Z"}
{"level":"info","message":"User registered","timestamp":"2021-12-04T18:26:40.121Z"}
{"level":"error","message":"Invalid User","timestamp":"2021-12-04T18:29:19.178Z"}
{"level":"error","message":"Invalid Credential","timestamp":"2021-12-04T18:29:19.186Z"}
{"level":"error","message":"Wrong Input Validations","timestamp":"2021-12-09T07:40:48.125Z"}
{"level":"error","message":"Wrong Input Validations","timestamp":"2021-12-09T07:41:22.595Z"}
{"level":"info","message":"User registered","timestamp":"2021-12-09T07:41:56.878Z"}
{"level":"info","message":"Email id found","timestamp":"2021-12-09T07:42:15.605Z"}
{"level":"info","message":" token generated ","timestamp":"2021-12-09T07:42:15.894Z"}
{"level":"info","message":"User registered","timestamp":"2021-12-09T08:05:41.150Z"}
{"level":"info","message":"User registered","timestamp":"2021-12-09T13:09:07.410Z"}
{"level":"error","message":"Wrong Input Validations","timestamp":"2021-12-09T13:09:07.468Z"}
{"level":"error","message":"Wrong Input Validations","timestamp":"2021-12-09T13:09:07.488Z"}
{"level":"error","message":"Wrong Input Validations","timestamp":"2021-12-09T13:09:07.509Z"}
{"level":"info","message":"Email id found","timestamp":"2021-12-09T13:09:07.702Z"}
{"level":"info","message":" token generated ","timestamp":"2021-12-09T13:09:07.926Z"}
{"level":"info","message":"User registered","timestamp":"2021-12-09T18:14:50.184Z"}
{"level":"info","message":"User registered","timestamp":"2021-12-10T07:43:34.407Z"}
{"level":"info","message":"Email id found","timestamp":"2021-12-10T07:44:49.915Z"}
{"level":"info","message":" token generated ","timestamp":"2021-12-10T07:44:50.143Z"}
{"level":"info","message":"User logged in successfully","timestamp":"2021-12-10T07:44:50.149Z"}
{"level":"info","message":"User registered","timestamp":"2021-12-10T13:46:34.459Z"}
{"level":"info","message":"Email id found","timestamp":"2021-12-10T13:47:20.299Z"}
{"level":"info","message":" token generated ","timestamp":"2021-12-10T13:47:20.605Z"}
{"level":"info","message":"User logged in successfully","timestamp":"2021-12-10T13:47:20.612Z"}
{"level":"info","message":"User registered","timestamp":"2021-12-11T06:42:29.381Z"}
{"level":"info","message":"User registered","timestamp":"2021-12-11T06:50:47.077Z"}
{"level":"error","message":"Internal server error","timestamp":"2021-12-11T06:51:46.144Z"}
{"level":"error","message":"Internal server error","timestamp":"2021-12-11T06:52:08.260Z"}
{"level":"error","message":"Internal server error","timestamp":"2021-12-11T06:53:08.883Z"}
{"level":"error","message":"Internal server error","timestamp":"2021-12-11T06:58:05.107Z"}
{"level":"info","message":"Password reset succesfully","timestamp":"2021-12-11T07:33:36.014Z"}
{"level":"info","message":"User registered","timestamp":"2021-12-12T13:07:39.951Z"}
{"level":"info","message":"Password reset succesfully","timestamp":"2021-12-12T13:27:52.409Z"}
{"level":"error","message":"Otp doesnt match","timestamp":"2021-12-12T13:30:14.050Z"}
{"level":"error","message":"Otp doesnt match","timestamp":"2021-12-12T13:30:14.052Z"}
{"level":"info","message":"Password reset succesfully","timestamp":"2021-12-12T13:30:56.586Z"}
{"level":"info","message":"User registered","timestamp":"2021-12-12T13:32:36.826Z"}
{"level":"info","message":"Email id found","timestamp":"2021-12-12T13:33:52.199Z"}
{"level":"error","message":null,"timestamp":"2021-12-12T13:33:52.372Z"}
{"level":"info","message":"Email id found","timestamp":"2021-12-12T13:34:28.478Z"}
{"level":"info","message":" token generated ","timestamp":"2021-12-12T13:34:28.656Z"}
{"level":"info","message":"User logged in successfully","timestamp":"2021-12-12T13:34:28.748Z"}
{"level":"info","message":"Password reset succesfully","timestamp":"2021-12-12T13:42:07.875Z"}
{"_original":{"email":"utkarshkr945@gmail.com"},"details":[{"context":{"key":"password","label":"password"},"message":"\"password\" is required","path":["password"],"type":"any.required"}],"level":"error","timestamp":"2021-12-12T13:42:41.931Z"}
{"level":"info","message":"Email id found","timestamp":"2021-12-12T13:44:21.675Z"}
{"level":"error","message":null,"timestamp":"2021-12-12T13:44:21.681Z"}
{"level":"info","message":"Email id found","timestamp":"2021-12-12T13:45:36.308Z"}
{"level":"error","message":null,"timestamp":"2021-12-12T13:45:36.311Z"}
{"level":"info","message":"Email id found","timestamp":"2021-12-12T13:46:35.656Z"}
{"level":"error","message":null,"timestamp":"2021-12-12T13:46:35.658Z"}
{"level":"info","message":"Password reset succesfully","timestamp":"2021-12-12T13:48:14.376Z"}
{"level":"info","message":"Email id found","timestamp":"2021-12-12T13:48:52.540Z"}
{"level":"error","message":null,"timestamp":"2021-12-12T13:48:52.542Z"}
{"level":"info","message":"Email id found","timestamp":"2021-12-12T13:48:56.445Z"}
{"level":"error","message":null,"timestamp":"2021-12-12T13:48:56.448Z"}
{"level":"info","message":"Email id found","timestamp":"2021-12-12T13:48:56.656Z"}
{"level":"error","message":null,"timestamp":"2021-12-12T13:48:56.657Z"}
{"level":"info","message":"User registered","timestamp":"2021-12-12T14:20:55.053Z"}
{"level":"info","message":"User registered","timestamp":"2021-12-12T14:21:42.183Z"}
{"level":"info","message":"User registered","timestamp":"2021-12-12T14:21:58.339Z"}
{"level":"info","message":"Email id found","timestamp":"2021-12-12T14:22:15.812Z"}
{"level":"info","message":" token generated ","timestamp":"2021-12-12T14:22:15.983Z"}
{"level":"info","message":"User logged in successfully","timestamp":"2021-12-12T14:22:15.992Z"}
{"level":"info","message":"Email id found","timestamp":"2021-12-12T14:22:27.824Z"}
{"level":"info","message":" token generated ","timestamp":"2021-12-12T14:22:27.997Z"}
{"level":"info","message":"User logged in successfully","timestamp":"2021-12-12T14:22:28.000Z"}
{"level":"info","message":"Password reset succesfully","timestamp":"2021-12-12T14:26:13.290Z"}
{"level":"info","message":"Email id found","timestamp":"2021-12-12T14:26:47.857Z"}
{"level":"error","message":null,"timestamp":"2021-12-12T14:26:48.187Z"}
{"level":"info","message":"Password reset succesfully","timestamp":"2021-12-12T15:05:22.731Z"}
